2019-02-11 13:32:01,960 :: root :: let it start
2019-02-11 13:32:22,438 :: root :: let it start
2019-02-11 13:41:51,849 :: root :: let it start
2019-02-11 13:42:02,105 :: root :: let it start
2019-02-11 13:42:26,424 :: root :: let it start
2019-02-11 13:42:53,314 :: root :: let it start
2019-02-11 13:43:14,545 :: root :: let it start
2019-02-11 13:43:32,754 :: root :: let it start
2019-02-11 13:43:32,756 :: root :: CHECK FILE: test_001.txt
2019-02-11 13:44:18,154 :: root :: let it start
2019-02-11 13:44:18,155 :: root :: CHECK FILE: /home/user/PycharmProjects/ele_new/data/test.txt
2019-02-11 13:44:18,155 :: root :: CHECK FILE: /home/user/PycharmProjects/ele_new/data/test.txt
2019-02-11 13:44:18,155 :: root :: CHECK FILE will save:/home/user/PycharmProjects/ele_new/data/test.txt
2019-02-11 13:44:18,155 :: root :: Create NEW FILE: /home/user/PycharmProjects/ele_new/data/test.txt
2019-02-11 13:44:22,073 :: root :: let it start
2019-02-11 13:44:22,074 :: root :: CHECK FILE: /home/user/PycharmProjects/ele_new/data/test.txt
2019-02-11 13:44:22,074 :: root :: CHECK FILE: /home/user/PycharmProjects/ele_new/data/test.txt
2019-02-11 13:44:22,075 :: root :: CHECK FILE will save:/home/user/PycharmProjects/ele_new/data/test.txt
2019-02-11 13:44:22,075 :: root :: Create NEW FILE: /home/user/PycharmProjects/ele_new/data/test.txt
2019-02-11 13:44:33,368 :: root :: let it start
2019-02-11 13:44:33,369 :: root :: CHECK FILE: /home/user/PycharmProjects/ele_new/data/test.txt
2019-02-11 13:44:33,369 :: root :: CHECK FILE: /home/user/PycharmProjects/ele_new/data/test.txt
2019-02-11 13:44:33,369 :: root :: CHECK FILE will save:/home/user/PycharmProjects/ele_new/data/test_01.txt
2019-02-11 13:44:33,369 :: root :: Create NEW FILE: /home/user/PycharmProjects/ele_new/data/test_01.txt
2019-02-11 13:45:17,472 :: root :: let it start
2019-02-11 13:45:17,473 :: root :: CHECK FILE: /home/user/PycharmProjects/ele_new/data/test.txt
2019-02-11 13:45:17,473 :: root :: CHECK FILE: /home/user/PycharmProjects/ele_new/data/test.txt
2019-02-11 13:45:17,474 :: root :: CHECK FILE will save:/home/user/PycharmProjects/ele_new/data/test_02.txt
2019-02-11 13:45:17,474 :: root :: Create NEW FILE: /home/user/PycharmProjects/ele_new/data/test_02.txt
2019-02-11 13:45:45,763 :: root :: let it start
2019-02-11 13:45:45,765 :: root :: CHECK FILE: /home/user/PycharmProjects/ele_new/data/test.txt
2019-02-11 13:45:45,765 :: root :: CHECK FILE: /home/user/PycharmProjects/ele_new/data/test.txt
2019-02-11 13:45:45,765 :: root :: CHECK FILE will save:/home/user/PycharmProjects/ele_new/data/test_03.txt
2019-02-11 13:45:45,765 :: root :: Create NEW FILE: /home/user/PycharmProjects/ele_new/data/test_03.txt
2019-02-11 13:46:04,511 :: root :: let it start
2019-02-11 13:46:04,513 :: root :: CHECK FILE: /home/user/PycharmProjects/ele_new/data/test.txt
2019-02-11 13:46:04,513 :: root :: CHECK FILE: /home/user/PycharmProjects/ele_new/data/test.txt
2019-02-11 13:46:04,513 :: root :: CHECK FILE will save:/home/user/PycharmProjects/ele_new/data/test_04.txt
2019-02-11 13:46:04,513 :: root :: Create NEW FILE: /home/user/PycharmProjects/ele_new/data/test_04.txt
2019-02-11 13:46:18,636 :: root :: let it start
2019-02-11 13:46:18,637 :: root :: CHECK FILE: /home/user/PycharmProjects/ele_new/data/test.txt
2019-02-11 13:46:18,637 :: root :: CHECK FILE: /home/user/PycharmProjects/ele_new/data/test.txt
2019-02-11 13:46:18,637 :: root :: CHECK FILE will save:/home/user/PycharmProjects/ele_new/data/test_05.txt
2019-02-11 13:46:18,637 :: root :: Create NEW FILE: /home/user/PycharmProjects/ele_new/data/test_05.txt
2019-02-11 13:46:19,963 :: root :: let it start
2019-02-11 13:46:19,965 :: root :: CHECK FILE: /home/user/PycharmProjects/ele_new/data/test.txt
2019-02-11 13:46:19,965 :: root :: CHECK FILE: /home/user/PycharmProjects/ele_new/data/test.txt
2019-02-11 13:46:19,965 :: root :: CHECK FILE will save:/home/user/PycharmProjects/ele_new/data/test_06.txt
2019-02-11 13:46:19,965 :: root :: Create NEW FILE: /home/user/PycharmProjects/ele_new/data/test_06.txt
2019-02-11 13:46:37,201 :: root :: let it start
2019-02-11 13:46:37,202 :: root :: CHECK FILE: /home/user/PycharmProjects/ele_new/data/test.txt
2019-02-11 13:46:37,202 :: root :: CHECK FILE: /home/user/PycharmProjects/ele_new/data/test.txt
2019-02-11 13:46:37,202 :: root :: CHECK FILE will save:/home/user/PycharmProjects/ele_new/data/test_07.txt
2019-02-11 13:46:37,202 :: root :: Create NEW FILE: /home/user/PycharmProjects/ele_new/data/test_07.txt
2019-02-11 13:46:38,920 :: root :: let it start
2019-02-11 13:46:38,921 :: root :: CHECK FILE: /home/user/PycharmProjects/ele_new/data/test.txt
2019-02-11 13:46:38,922 :: root :: CHECK FILE: /home/user/PycharmProjects/ele_new/data/test.txt
2019-02-11 13:46:38,922 :: root :: CHECK FILE will save:/home/user/PycharmProjects/ele_new/data/test_08.txt
2019-02-11 13:46:38,922 :: root :: Create NEW FILE: /home/user/PycharmProjects/ele_new/data/test_08.txt
2019-02-11 13:46:45,410 :: root :: let it start
2019-02-11 13:46:45,412 :: root :: CHECK FILE: /home/user/PycharmProjects/ele_new/data/test.txt
2019-02-11 13:46:45,412 :: root :: CHECK FILE: /home/user/PycharmProjects/ele_new/data/test.txt
2019-02-11 13:46:45,412 :: root :: CHECK FILE will save:/home/user/PycharmProjects/ele_new/data/test_09.txt
2019-02-11 13:46:45,412 :: root :: Create NEW FILE: /home/user/PycharmProjects/ele_new/data/test_09.txt
2019-02-11 13:50:07,529 :: root :: let it start
2019-02-11 13:50:07,531 :: root :: CHECK FILE: /home/user/PycharmProjects/ele_new/data/test.txt
2019-02-11 13:50:07,531 :: root :: CHECK FILE: /home/user/PycharmProjects/ele_new/data/test.txt
2019-02-11 13:50:07,531 :: root :: CHECK FILE will save:/home/user/PycharmProjects/ele_new/data/test_10.txt
2019-02-11 13:50:07,531 :: root :: Create NEW FILE: /home/user/PycharmProjects/ele_new/data/test_10.txt
2019-02-11 13:50:08,939 :: root :: let it start
2019-02-11 13:50:08,941 :: root :: CHECK FILE: /home/user/PycharmProjects/ele_new/data/test.txt
2019-02-11 13:50:08,941 :: root :: CHECK FILE: /home/user/PycharmProjects/ele_new/data/test.txt
2019-02-11 13:50:08,941 :: root :: CHECK FILE will save:/home/user/PycharmProjects/ele_new/data/test_11.txt
2019-02-11 13:50:08,941 :: root :: Create NEW FILE: /home/user/PycharmProjects/ele_new/data/test_11.txt
2019-02-11 13:50:22,841 :: root :: let it start
2019-02-11 13:50:22,843 :: root :: CHECK FILE: /home/user/PycharmProjects/ele_new/data/test.txt
2019-02-11 13:50:22,843 :: root :: CHECK FILE: /home/user/PycharmProjects/ele_new/data/test.txt
2019-02-11 13:50:22,843 :: root :: CHECK FILE will save:/home/user/PycharmProjects/ele_new/data/test_12.txt
2019-02-11 13:50:22,843 :: root :: Create NEW FILE: /home/user/PycharmProjects/ele_new/data/test_12.txt
2019-02-11 13:51:32,419 :: root :: let it start
2019-02-11 13:51:32,421 :: root :: CHECK FILE: /home/user/PycharmProjects/ele_new/data/test.txt
2019-02-11 13:51:32,421 :: root :: CHECK FILE: /home/user/PycharmProjects/ele_new/data/test.txt
2019-02-11 13:51:32,421 :: root :: CHECK FILE will save:/home/user/PycharmProjects/ele_new/data/test_13.txt
2019-02-11 13:51:32,421 :: root :: Create NEW FILE: /home/user/PycharmProjects/ele_new/data/test_13.txt
2019-02-11 13:51:33,690 :: root :: let it start
2019-02-11 13:51:33,692 :: root :: CHECK FILE: /home/user/PycharmProjects/ele_new/data/test.txt
2019-02-11 13:51:33,692 :: root :: CHECK FILE: /home/user/PycharmProjects/ele_new/data/test.txt
2019-02-11 13:51:33,692 :: root :: CHECK FILE will save:/home/user/PycharmProjects/ele_new/data/test_14.txt
2019-02-11 13:51:33,692 :: root :: Create NEW FILE: /home/user/PycharmProjects/ele_new/data/test_14.txt
2019-02-11 13:53:18,598 :: root :: let it start
2019-02-11 13:53:18,599 :: root :: CHECK FILE: /home/user/PycharmProjects/ele_new/data/test.txt
2019-02-11 13:53:18,600 :: root :: CHECK FILE: /home/user/PycharmProjects/ele_new/data/test.txt
2019-02-11 13:53:18,600 :: root :: CHECK FILE will save:/home/user/PycharmProjects/ele_new/data/test_15.txt
2019-02-11 13:53:18,600 :: root :: Create NEW FILE: /home/user/PycharmProjects/ele_new/data/test_15.txt
2019-02-11 13:53:19,749 :: root :: let it start
2019-02-11 13:53:19,751 :: root :: CHECK FILE: /home/user/PycharmProjects/ele_new/data/test.txt
2019-02-11 13:53:19,751 :: root :: CHECK FILE: /home/user/PycharmProjects/ele_new/data/test.txt
2019-02-11 13:53:19,751 :: root :: CHECK FILE will save:/home/user/PycharmProjects/ele_new/data/test_16.txt
2019-02-11 13:53:19,751 :: root :: Create NEW FILE: /home/user/PycharmProjects/ele_new/data/test_16.txt
2019-02-11 13:53:30,667 :: root :: let it start
2019-02-11 13:53:30,668 :: root :: CHECK FILE: /home/user/PycharmProjects/ele_new/data/test.txt
2019-02-11 13:53:30,668 :: root :: CHECK FILE: /home/user/PycharmProjects/ele_new/data/test.txt
2019-02-11 13:53:30,669 :: root :: CHECK FILE will save:/home/user/PycharmProjects/ele_new/data/test_17.txt
2019-02-11 13:53:30,669 :: root :: Create NEW FILE: /home/user/PycharmProjects/ele_new/data/test_17.txt
2019-02-11 13:54:29,041 :: root :: let it start
2019-02-11 13:54:29,042 :: root :: CHECK FILE: /home/user/PycharmProjects/ele_new/data/test.txt
2019-02-11 13:54:29,042 :: root :: CHECK FILE: /home/user/PycharmProjects/ele_new/data/test.txt
2019-02-11 13:54:29,042 :: root :: CHECK FILE will save:/home/user/PycharmProjects/ele_new/data/test_18.txt
2019-02-11 13:54:29,042 :: root :: Create NEW FILE: /home/user/PycharmProjects/ele_new/data/test_18.txt
2019-02-11 13:54:51,991 :: root :: let it start
2019-02-11 13:54:51,993 :: root :: CHECK FILE: /home/user/PycharmProjects/ele_new/data/test.txt
2019-02-11 13:54:51,993 :: root :: CHECK FILE: /home/user/PycharmProjects/ele_new/data/test.txt
2019-02-11 13:54:51,993 :: root :: CHECK FILE will save:/home/user/PycharmProjects/ele_new/data/test_19.txt
2019-02-11 13:54:51,993 :: root :: Create NEW FILE: /home/user/PycharmProjects/ele_new/data/test_19.txt
2019-02-11 13:54:54,172 :: root :: let it start
2019-02-11 13:54:54,173 :: root :: CHECK FILE: /home/user/PycharmProjects/ele_new/data/test.txt
2019-02-11 13:54:54,173 :: root :: CHECK FILE: /home/user/PycharmProjects/ele_new/data/test.txt
2019-02-11 13:54:54,173 :: root :: CHECK FILE will save:/home/user/PycharmProjects/ele_new/data/test_20.txt
2019-02-11 13:54:54,173 :: root :: Create NEW FILE: /home/user/PycharmProjects/ele_new/data/test_20.txt
2019-02-11 13:55:24,408 :: root :: let it start
2019-02-11 13:55:24,409 :: root :: CHECK FILE: /home/user/PycharmProjects/ele_new/data/test.txt
2019-02-11 13:55:24,409 :: root :: CHECK FILE: /home/user/PycharmProjects/ele_new/data/test.txt
2019-02-11 13:55:24,409 :: root :: CHECK FILE will save:/home/user/PycharmProjects/ele_new/data/test_21.txt
2019-02-11 13:55:24,409 :: root :: Create NEW FILE: /home/user/PycharmProjects/ele_new/data/test_21.txt
2019-02-11 13:55:25,786 :: root :: let it start
2019-02-11 13:55:25,788 :: root :: CHECK FILE: /home/user/PycharmProjects/ele_new/data/test.txt
2019-02-11 13:55:25,788 :: root :: CHECK FILE: /home/user/PycharmProjects/ele_new/data/test.txt
2019-02-11 13:55:25,788 :: root :: CHECK FILE will save:/home/user/PycharmProjects/ele_new/data/test_22.txt
2019-02-11 13:55:25,788 :: root :: Create NEW FILE: /home/user/PycharmProjects/ele_new/data/test_22.txt
2019-02-11 13:55:47,767 :: root :: let it start
2019-02-11 13:55:47,768 :: root :: CHECK FILE: /home/user/PycharmProjects/ele_new/data/test.txt
2019-02-11 13:55:47,768 :: root :: CHECK FILE: /home/user/PycharmProjects/ele_new/data/test.txt
2019-02-11 13:55:47,768 :: root :: CHECK FILE will save:/home/user/PycharmProjects/ele_new/data/test_23.txt
2019-02-11 13:55:47,769 :: root :: Create NEW FILE: /home/user/PycharmProjects/ele_new/data/test_23.txt
2019-02-11 13:57:06,134 :: root :: let it start
2019-02-11 13:57:06,135 :: root :: CHECK FILE: /home/user/PycharmProjects/ele_new/data/test.txt
2019-02-11 13:57:06,135 :: root :: CHECK FILE: /home/user/PycharmProjects/ele_new/data/test.txt
2019-02-11 13:57:06,135 :: root :: CHECK FILE will save:/home/user/PycharmProjects/ele_new/data/test_24.txt
2019-02-11 13:57:06,135 :: root :: Create NEW FILE: /home/user/PycharmProjects/ele_new/data/test_24.txt
2019-02-11 13:57:06,189 :: matplotlib.font_manager :: findfont: Matching :family=sans-serif:style=normal:variant=normal:weight=normal:stretch=normal:size=10.0 to DejaVu Sans (u'/home/user/.local/lib/python2.7/site-packages/matplotlib/mpl-data/fonts/ttf/DejaVuSans.ttf') with score of 0.050000
2019-02-11 13:57:06,230 :: matplotlib.font_manager :: findfont: Matching :family=sans-serif:style=normal:variant=normal:weight=normal:stretch=normal:size=12.0 to DejaVu Sans (u'/home/user/.local/lib/python2.7/site-packages/matplotlib/mpl-data/fonts/ttf/DejaVuSans.ttf') with score of 0.050000
2019-02-11 13:57:33,017 :: root :: let it start
2019-02-11 13:57:33,018 :: root :: CHECK FILE: /home/user/PycharmProjects/ele_new/data/test.txt
2019-02-11 13:57:33,018 :: root :: CHECK FILE: /home/user/PycharmProjects/ele_new/data/test.txt
2019-02-11 13:57:33,018 :: root :: CHECK FILE will save:/home/user/PycharmProjects/ele_new/data/test_25.txt
2019-02-11 13:57:33,018 :: root :: Create NEW FILE: /home/user/PycharmProjects/ele_new/data/test_25.txt
2019-02-11 13:57:33,036 :: matplotlib.font_manager :: findfont: Matching :family=sans-serif:style=normal:variant=normal:weight=normal:stretch=normal:size=10.0 to DejaVu Sans (u'/home/user/.local/lib/python2.7/site-packages/matplotlib/mpl-data/fonts/ttf/DejaVuSans.ttf') with score of 0.050000
2019-02-11 13:57:33,061 :: matplotlib.font_manager :: findfont: Matching :family=sans-serif:style=normal:variant=normal:weight=normal:stretch=normal:size=12.0 to DejaVu Sans (u'/home/user/.local/lib/python2.7/site-packages/matplotlib/mpl-data/fonts/ttf/DejaVuSans.ttf') with score of 0.050000
2019-02-11 13:57:50,720 :: root :: let it start
2019-02-11 13:57:50,721 :: root :: CHECK FILE: /home/user/PycharmProjects/ele_new/data/test.txt
2019-02-11 13:57:50,721 :: root :: CHECK FILE: /home/user/PycharmProjects/ele_new/data/test.txt
2019-02-11 13:57:50,721 :: root :: CHECK FILE will save:/home/user/PycharmProjects/ele_new/data/test_26.txt
2019-02-11 13:57:50,721 :: root :: Create NEW FILE: /home/user/PycharmProjects/ele_new/data/test_26.txt
2019-02-11 13:58:22,672 :: root :: let it start
2019-02-11 13:58:22,673 :: root :: CHECK FILE: /home/user/PycharmProjects/ele_new/data/test.txt
2019-02-11 13:58:22,674 :: root :: CHECK FILE: /home/user/PycharmProjects/ele_new/data/test.txt
2019-02-11 13:58:22,674 :: root :: CHECK FILE will save:/home/user/PycharmProjects/ele_new/data/test_27.txt
2019-02-11 13:58:22,674 :: root :: Create NEW FILE: /home/user/PycharmProjects/ele_new/data/test_27.txt
2019-02-11 13:58:22,691 :: matplotlib.font_manager :: findfont: Matching :family=sans-serif:style=normal:variant=normal:weight=normal:stretch=normal:size=10.0 to DejaVu Sans (u'/home/user/.local/lib/python2.7/site-packages/matplotlib/mpl-data/fonts/ttf/DejaVuSans.ttf') with score of 0.050000
2019-02-11 13:58:22,715 :: matplotlib.font_manager :: findfont: Matching :family=sans-serif:style=normal:variant=normal:weight=normal:stretch=normal:size=12.0 to DejaVu Sans (u'/home/user/.local/lib/python2.7/site-packages/matplotlib/mpl-data/fonts/ttf/DejaVuSans.ttf') with score of 0.050000
2019-02-11 13:59:00,069 :: root :: let it start
2019-02-11 13:59:00,070 :: root :: CHECK FILE: /home/user/PycharmProjects/ele_new/data/test.txt
2019-02-11 13:59:00,070 :: root :: CHECK FILE: /home/user/PycharmProjects/ele_new/data/test.txt
2019-02-11 13:59:00,070 :: root :: CHECK FILE will save:/home/user/PycharmProjects/ele_new/data/test_28.txt
2019-02-11 13:59:00,070 :: root :: Create NEW FILE: /home/user/PycharmProjects/ele_new/data/test_28.txt
2019-02-11 14:09:05,345 :: root :: let it start
2019-02-11 14:09:05,346 :: root :: --------------- NEW ------------------
2019-02-11 14:09:05,347 :: root :: INIT - START
2019-02-11 14:09:05,347 :: root :: INIT:: USB_VDS:/dev/my_USB_K2400_VDS
2019-02-11 14:09:05,347 :: root :: INIT:: USB_VGS:/dev/my_USB_K2400_VGS
2019-02-11 14:09:05,347 :: root :: INIT:: USB_PIC:/dev/my_USB_PICO
2019-02-11 14:40:10,767 :: root :: let it start
2019-02-11 14:40:10,769 :: root :: CHECK FILE: /home/user/PycharmProjects/ele_new/data/test.txt
2019-02-11 14:40:10,769 :: root :: CHECK FILE: /home/user/PycharmProjects/ele_new/data/test.txt
2019-02-11 14:40:10,769 :: root :: CHECK FILE will save:/home/user/PycharmProjects/ele_new/data/test.txt
2019-02-11 14:40:10,769 :: root :: Create NEW FILE: /home/user/PycharmProjects/ele_new/data/test.txt
2019-02-11 14:40:10,787 :: matplotlib.font_manager :: findfont: Matching :family=sans-serif:style=normal:variant=normal:weight=normal:stretch=normal:size=10.0 to DejaVu Sans (u'/home/user/.local/lib/python2.7/site-packages/matplotlib/mpl-data/fonts/ttf/DejaVuSans.ttf') with score of 0.050000
2019-02-11 14:40:10,811 :: matplotlib.font_manager :: findfont: Matching :family=sans-serif:style=normal:variant=normal:weight=normal:stretch=normal:size=12.0 to DejaVu Sans (u'/home/user/.local/lib/python2.7/site-packages/matplotlib/mpl-data/fonts/ttf/DejaVuSans.ttf') with score of 0.050000
2019-02-11 15:01:17,176 :: root :: let it start
2019-02-11 15:01:17,177 :: root :: CHECK FILE: /home/user/PycharmProjects/ele_new/data/test.txt
2019-02-11 15:01:17,178 :: root :: CHECK FILE: /home/user/PycharmProjects/ele_new/data/test.txt
2019-02-11 15:01:17,178 :: root :: CHECK FILE will save:/home/user/PycharmProjects/ele_new/data/test_01.txt
2019-02-11 15:01:17,178 :: root :: Create NEW FILE: /home/user/PycharmProjects/ele_new/data/test_01.txt
2019-02-11 15:01:17,196 :: matplotlib.font_manager :: findfont: Matching :family=sans-serif:style=normal:variant=normal:weight=normal:stretch=normal:size=10.0 to DejaVu Sans (u'/home/user/.local/lib/python2.7/site-packages/matplotlib/mpl-data/fonts/ttf/DejaVuSans.ttf') with score of 0.050000
2019-02-11 15:01:17,220 :: matplotlib.font_manager :: findfont: Matching :family=sans-serif:style=normal:variant=normal:weight=normal:stretch=normal:size=12.0 to DejaVu Sans (u'/home/user/.local/lib/python2.7/site-packages/matplotlib/mpl-data/fonts/ttf/DejaVuSans.ttf') with score of 0.050000
2019-02-11 15:02:32,638 :: root :: let it start
2019-02-11 15:02:32,639 :: root :: CHECK FILE: /home/user/PycharmProjects/ele_new/data/test.txt
2019-02-11 15:02:32,639 :: root :: CHECK FILE: /home/user/PycharmProjects/ele_new/data/test.txt
2019-02-11 15:02:32,639 :: root :: CHECK FILE will save:/home/user/PycharmProjects/ele_new/data/test_02.txt
2019-02-11 15:02:32,639 :: root :: Create NEW FILE: /home/user/PycharmProjects/ele_new/data/test_02.txt
2019-02-11 15:02:32,659 :: matplotlib.font_manager :: findfont: Matching :family=sans-serif:style=normal:variant=normal:weight=normal:stretch=normal:size=10.0 to DejaVu Sans (u'/home/user/.local/lib/python2.7/site-packages/matplotlib/mpl-data/fonts/ttf/DejaVuSans.ttf') with score of 0.050000
2019-02-11 15:02:32,683 :: matplotlib.font_manager :: findfont: Matching :family=sans-serif:style=normal:variant=normal:weight=normal:stretch=normal:size=12.0 to DejaVu Sans (u'/home/user/.local/lib/python2.7/site-packages/matplotlib/mpl-data/fonts/ttf/DejaVuSans.ttf') with score of 0.050000
2019-02-11 15:02:32,865 :: root :: CREATE FILE FOOTER
2019-02-11 15:02:32,865 :: root :: SENS OFF [:OUTP OFF]
2019-02-11 15:05:26,730 :: root :: let it start
2019-02-11 15:05:26,731 :: root :: CHECK FILE: /home/user/PycharmProjects/ele_new/data/test.txt
2019-02-11 15:05:26,731 :: root :: CHECK FILE: /home/user/PycharmProjects/ele_new/data/test.txt
2019-02-11 15:05:26,732 :: root :: CHECK FILE will save:/home/user/PycharmProjects/ele_new/data/test_03.txt
2019-02-11 15:05:26,732 :: root :: Create NEW FILE: /home/user/PycharmProjects/ele_new/data/test_03.txt
2019-02-11 15:05:26,749 :: matplotlib.font_manager :: findfont: Matching :family=sans-serif:style=normal:variant=normal:weight=normal:stretch=normal:size=10.0 to DejaVu Sans (u'/home/user/.local/lib/python2.7/site-packages/matplotlib/mpl-data/fonts/ttf/DejaVuSans.ttf') with score of 0.050000
2019-02-11 15:05:26,773 :: matplotlib.font_manager :: findfont: Matching :family=sans-serif:style=normal:variant=normal:weight=normal:stretch=normal:size=12.0 to DejaVu Sans (u'/home/user/.local/lib/python2.7/site-packages/matplotlib/mpl-data/fonts/ttf/DejaVuSans.ttf') with score of 0.050000
2019-02-11 15:05:48,549 :: root :: let it start
2019-02-11 15:05:48,550 :: root :: CHECK FILE: /home/user/PycharmProjects/ele_new/data/test.txt
2019-02-11 15:05:48,550 :: root :: CHECK FILE: /home/user/PycharmProjects/ele_new/data/test.txt
2019-02-11 15:05:48,550 :: root :: CHECK FILE will save:/home/user/PycharmProjects/ele_new/data/test_04.txt
2019-02-11 15:05:48,550 :: root :: Create NEW FILE: /home/user/PycharmProjects/ele_new/data/test_04.txt
2019-02-11 15:05:48,568 :: matplotlib.font_manager :: findfont: Matching :family=sans-serif:style=normal:variant=normal:weight=normal:stretch=normal:size=10.0 to DejaVu Sans (u'/home/user/.local/lib/python2.7/site-packages/matplotlib/mpl-data/fonts/ttf/DejaVuSans.ttf') with score of 0.050000
2019-02-11 15:05:48,592 :: matplotlib.font_manager :: findfont: Matching :family=sans-serif:style=normal:variant=normal:weight=normal:stretch=normal:size=12.0 to DejaVu Sans (u'/home/user/.local/lib/python2.7/site-packages/matplotlib/mpl-data/fonts/ttf/DejaVuSans.ttf') with score of 0.050000
2019-02-11 15:07:30,192 :: root :: let it start
2019-02-11 15:07:30,193 :: root :: CHECK FILE: /home/user/PycharmProjects/ele_new/data/test.txt
2019-02-11 15:07:30,193 :: root :: CHECK FILE: /home/user/PycharmProjects/ele_new/data/test.txt
2019-02-11 15:07:30,193 :: root :: CHECK FILE will save:/home/user/PycharmProjects/ele_new/data/test_05.txt
2019-02-11 15:07:30,193 :: root :: Create NEW FILE: /home/user/PycharmProjects/ele_new/data/test_05.txt
2019-02-11 15:07:30,211 :: matplotlib.font_manager :: findfont: Matching :family=sans-serif:style=normal:variant=normal:weight=normal:stretch=normal:size=10.0 to DejaVu Sans (u'/home/user/.local/lib/python2.7/site-packages/matplotlib/mpl-data/fonts/ttf/DejaVuSans.ttf') with score of 0.050000
2019-02-11 15:07:30,235 :: matplotlib.font_manager :: findfont: Matching :family=sans-serif:style=normal:variant=normal:weight=normal:stretch=normal:size=12.0 to DejaVu Sans (u'/home/user/.local/lib/python2.7/site-packages/matplotlib/mpl-data/fonts/ttf/DejaVuSans.ttf') with score of 0.050000
2019-02-11 15:08:27,950 :: root :: let it start
2019-02-11 15:08:27,951 :: root :: CHECK FILE: /home/user/PycharmProjects/ele_new/data/test.txt
2019-02-11 15:08:27,951 :: root :: CHECK FILE: /home/user/PycharmProjects/ele_new/data/test.txt
2019-02-11 15:08:27,951 :: root :: CHECK FILE will save:/home/user/PycharmProjects/ele_new/data/test_06.txt
2019-02-11 15:08:27,951 :: root :: Create NEW FILE: /home/user/PycharmProjects/ele_new/data/test_06.txt
2019-02-11 15:08:27,969 :: matplotlib.font_manager :: findfont: Matching :family=sans-serif:style=normal:variant=normal:weight=normal:stretch=normal:size=10.0 to DejaVu Sans (u'/home/user/.local/lib/python2.7/site-packages/matplotlib/mpl-data/fonts/ttf/DejaVuSans.ttf') with score of 0.050000
2019-02-11 15:08:27,993 :: matplotlib.font_manager :: findfont: Matching :family=sans-serif:style=normal:variant=normal:weight=normal:stretch=normal:size=12.0 to DejaVu Sans (u'/home/user/.local/lib/python2.7/site-packages/matplotlib/mpl-data/fonts/ttf/DejaVuSans.ttf') with score of 0.050000
2019-02-11 15:08:57,995 :: root :: let it start
2019-02-11 15:08:57,996 :: root :: CHECK FILE: /home/user/PycharmProjects/ele_new/data/test.txt
2019-02-11 15:08:57,996 :: root :: CHECK FILE: /home/user/PycharmProjects/ele_new/data/test.txt
2019-02-11 15:08:57,996 :: root :: CHECK FILE will save:/home/user/PycharmProjects/ele_new/data/test_07.txt
2019-02-11 15:08:57,996 :: root :: Create NEW FILE: /home/user/PycharmProjects/ele_new/data/test_07.txt
2019-02-11 15:08:58,015 :: matplotlib.font_manager :: findfont: Matching :family=sans-serif:style=normal:variant=normal:weight=normal:stretch=normal:size=10.0 to DejaVu Sans (u'/home/user/.local/lib/python2.7/site-packages/matplotlib/mpl-data/fonts/ttf/DejaVuSans.ttf') with score of 0.050000
2019-02-11 15:08:58,040 :: matplotlib.font_manager :: findfont: Matching :family=sans-serif:style=normal:variant=normal:weight=normal:stretch=normal:size=12.0 to DejaVu Sans (u'/home/user/.local/lib/python2.7/site-packages/matplotlib/mpl-data/fonts/ttf/DejaVuSans.ttf') with score of 0.050000
2019-02-11 15:10:08,057 :: root :: let it start
2019-02-11 15:10:08,058 :: root :: CHECK FILE: /home/user/PycharmProjects/ele_new/data/test.txt
2019-02-11 15:10:08,058 :: root :: CHECK FILE: /home/user/PycharmProjects/ele_new/data/test.txt
2019-02-11 15:10:08,058 :: root :: CHECK FILE will save:/home/user/PycharmProjects/ele_new/data/test_08.txt
2019-02-11 15:10:08,058 :: root :: Create NEW FILE: /home/user/PycharmProjects/ele_new/data/test_08.txt
2019-02-11 15:10:08,076 :: matplotlib.font_manager :: findfont: Matching :family=sans-serif:style=normal:variant=normal:weight=normal:stretch=normal:size=10.0 to DejaVu Sans (u'/home/user/.local/lib/python2.7/site-packages/matplotlib/mpl-data/fonts/ttf/DejaVuSans.ttf') with score of 0.050000
2019-02-11 15:10:08,100 :: matplotlib.font_manager :: findfont: Matching :family=sans-serif:style=normal:variant=normal:weight=normal:stretch=normal:size=12.0 to DejaVu Sans (u'/home/user/.local/lib/python2.7/site-packages/matplotlib/mpl-data/fonts/ttf/DejaVuSans.ttf') with score of 0.050000
2019-02-11 15:10:25,583 :: root :: let it start
2019-02-11 15:10:25,584 :: root :: CHECK FILE: /home/user/PycharmProjects/ele_new/data/test.txt
2019-02-11 15:10:25,585 :: root :: CHECK FILE: /home/user/PycharmProjects/ele_new/data/test.txt
2019-02-11 15:10:25,585 :: root :: CHECK FILE will save:/home/user/PycharmProjects/ele_new/data/test_09.txt
2019-02-11 15:10:25,585 :: root :: Create NEW FILE: /home/user/PycharmProjects/ele_new/data/test_09.txt
2019-02-11 15:10:25,603 :: matplotlib.font_manager :: findfont: Matching :family=sans-serif:style=normal:variant=normal:weight=normal:stretch=normal:size=10.0 to DejaVu Sans (u'/home/user/.local/lib/python2.7/site-packages/matplotlib/mpl-data/fonts/ttf/DejaVuSans.ttf') with score of 0.050000
2019-02-11 15:10:25,628 :: matplotlib.font_manager :: findfont: Matching :family=sans-serif:style=normal:variant=normal:weight=normal:stretch=normal:size=12.0 to DejaVu Sans (u'/home/user/.local/lib/python2.7/site-packages/matplotlib/mpl-data/fonts/ttf/DejaVuSans.ttf') with score of 0.050000
2019-02-11 15:10:50,434 :: root :: let it start
2019-02-11 15:10:50,435 :: root :: CHECK FILE: /home/user/PycharmProjects/ele_new/data/test.txt
2019-02-11 15:10:50,435 :: root :: CHECK FILE: /home/user/PycharmProjects/ele_new/data/test.txt
2019-02-11 15:10:50,435 :: root :: CHECK FILE will save:/home/user/PycharmProjects/ele_new/data/test_10.txt
2019-02-11 15:10:50,435 :: root :: Create NEW FILE: /home/user/PycharmProjects/ele_new/data/test_10.txt
2019-02-11 15:10:50,453 :: matplotlib.font_manager :: findfont: Matching :family=sans-serif:style=normal:variant=normal:weight=normal:stretch=normal:size=10.0 to DejaVu Sans (u'/home/user/.local/lib/python2.7/site-packages/matplotlib/mpl-data/fonts/ttf/DejaVuSans.ttf') with score of 0.050000
2019-02-11 15:10:50,477 :: matplotlib.font_manager :: findfont: Matching :family=sans-serif:style=normal:variant=normal:weight=normal:stretch=normal:size=12.0 to DejaVu Sans (u'/home/user/.local/lib/python2.7/site-packages/matplotlib/mpl-data/fonts/ttf/DejaVuSans.ttf') with score of 0.050000
2019-02-11 15:11:56,819 :: root :: let it start
2019-02-11 15:11:56,820 :: root :: CHECK FILE: /home/user/PycharmProjects/ele_new/data/test.txt
2019-02-11 15:11:56,820 :: root :: CHECK FILE: /home/user/PycharmProjects/ele_new/data/test.txt
2019-02-11 15:11:56,820 :: root :: CHECK FILE will save:/home/user/PycharmProjects/ele_new/data/test_11.txt
2019-02-11 15:11:56,820 :: root :: Create NEW FILE: /home/user/PycharmProjects/ele_new/data/test_11.txt
2019-02-11 15:11:56,838 :: matplotlib.font_manager :: findfont: Matching :family=sans-serif:style=normal:variant=normal:weight=normal:stretch=normal:size=10.0 to DejaVu Sans (u'/home/user/.local/lib/python2.7/site-packages/matplotlib/mpl-data/fonts/ttf/DejaVuSans.ttf') with score of 0.050000
2019-02-11 15:11:56,863 :: matplotlib.font_manager :: findfont: Matching :family=sans-serif:style=normal:variant=normal:weight=normal:stretch=normal:size=12.0 to DejaVu Sans (u'/home/user/.local/lib/python2.7/site-packages/matplotlib/mpl-data/fonts/ttf/DejaVuSans.ttf') with score of 0.050000
2019-02-11 15:12:30,173 :: root :: let it start
2019-02-11 15:12:30,174 :: root :: CHECK FILE: /home/user/PycharmProjects/ele_new/data/test.txt
2019-02-11 15:12:30,175 :: root :: CHECK FILE: /home/user/PycharmProjects/ele_new/data/test.txt
2019-02-11 15:12:30,175 :: root :: CHECK FILE will save:/home/user/PycharmProjects/ele_new/data/test_12.txt
2019-02-11 15:12:30,175 :: root :: Create NEW FILE: /home/user/PycharmProjects/ele_new/data/test_12.txt
2019-02-11 15:12:30,192 :: matplotlib.font_manager :: findfont: Matching :family=sans-serif:style=normal:variant=normal:weight=normal:stretch=normal:size=10.0 to DejaVu Sans (u'/home/user/.local/lib/python2.7/site-packages/matplotlib/mpl-data/fonts/ttf/DejaVuSans.ttf') with score of 0.050000
2019-02-11 15:12:30,223 :: matplotlib.font_manager :: findfont: Matching :family=sans-serif:style=normal:variant=normal:weight=normal:stretch=normal:size=12.0 to DejaVu Sans (u'/home/user/.local/lib/python2.7/site-packages/matplotlib/mpl-data/fonts/ttf/DejaVuSans.ttf') with score of 0.050000
2019-02-11 15:13:23,347 :: root :: let it start
2019-02-11 15:13:23,348 :: root :: CHECK FILE: /home/user/PycharmProjects/ele_new/data/test.txt
2019-02-11 15:13:23,348 :: root :: CHECK FILE: /home/user/PycharmProjects/ele_new/data/test.txt
2019-02-11 15:13:23,348 :: root :: CHECK FILE will save:/home/user/PycharmProjects/ele_new/data/test.txt
2019-02-11 15:13:23,348 :: root :: Create NEW FILE: /home/user/PycharmProjects/ele_new/data/test.txt
2019-02-11 15:13:23,366 :: matplotlib.font_manager :: findfont: Matching :family=sans-serif:style=normal:variant=normal:weight=normal:stretch=normal:size=10.0 to DejaVu Sans (u'/home/user/.local/lib/python2.7/site-packages/matplotlib/mpl-data/fonts/ttf/DejaVuSans.ttf') with score of 0.050000
2019-02-11 15:13:23,397 :: matplotlib.font_manager :: findfont: Matching :family=sans-serif:style=normal:variant=normal:weight=normal:stretch=normal:size=12.0 to DejaVu Sans (u'/home/user/.local/lib/python2.7/site-packages/matplotlib/mpl-data/fonts/ttf/DejaVuSans.ttf') with score of 0.050000
